<?xml version="1.0" encoding="UTF-8"?>
<!-- Generated by org.testng.reporters.JUnitXMLReporter -->
<testsuite hostname="Arpit1-Joshi" ignored="0" name="Lojack testing" tests="8" failures="2" timestamp="01 Aug 2019 20:10:08 GMT" time="117.578" errors="0">
  <testcase name="loginPageTitleTest" time="0.031" classname="com.lojack.qa.testcases.LoginTestCase"/>
  <testcase name="loginPagelogoTest" time="0.045" classname="com.lojack.qa.testcases.LoginTestCase"/>
  <testcase name="blankLoginTest" time="0.14" classname="com.lojack.qa.testcases.LoginTestCase"/>
  <testcase name="incorrectUserLoginTest" time="0.901" classname="com.lojack.qa.testcases.LoginTestCase"/>
  <testcase name="incorrectPasswordLoginTest" time="0.633" classname="com.lojack.qa.testcases.LoginTestCase">
    <failure type="junit.framework.ComparisonFailure" message="expected:&amp;lt;...Please check user...&amp;gt; but was:&amp;lt;... Invalid User ...&amp;gt;">
      <![CDATA[junit.framework.ComparisonFailure: expected:<...Please check user...> but was:<... Invalid User ...>
at junit.framework.Assert.assertEquals(Assert.java:81)
at junit.framework.Assert.assertEquals(Assert.java:87)
at com.lojack.qa.testcases.LoginTestCase.incorrectPasswordLoginTest(LoginTestCase.java:62)
... Removed 25 stack frames]]>
    </failure>
  </testcase> <!-- incorrectPasswordLoginTest -->
  <testcase name="blankUserLoginTest" time="0.253" classname="com.lojack.qa.testcases.LoginTestCase"/>
  <testcase name="blankPasswordLoginTest" time="0.248" classname="com.lojack.qa.testcases.LoginTestCase"/>
  <testcase name="correctcredentialsLoginTest" time="0.64" classname="com.lojack.qa.testcases.LoginTestCase">
    <failure type="junit.framework.ComparisonFailure" message="expected:&amp;lt;...&amp;gt; but was:&amp;lt;...User/Dashboard.aspx&amp;gt;">
      <![CDATA[junit.framework.ComparisonFailure: expected:<...> but was:<...User/Dashboard.aspx>
at junit.framework.Assert.assertEquals(Assert.java:81)
at junit.framework.Assert.assertEquals(Assert.java:87)
at com.lojack.qa.testcases.LoginTestCase.correctcredentialsLoginTest(LoginTestCase.java:83)
... Removed 25 stack frames]]>
    </failure>
  </testcase> <!-- correctcredentialsLoginTest -->
</testsuite> <!-- Lojack testing -->
