<?xml version="1.0" encoding="UTF-8"?>
<!-- Generated by org.testng.reporters.JUnitXMLReporter -->
<testsuite hostname="Arpit1-Joshi" ignored="0" name="Command line test" tests="10" failures="2" timestamp="05 Aug 2019 20:56:11 GMT" time="143.473" errors="0">
  <testcase name="passwordMatchTest" time="10.116" classname="com.lojack.qa.testcases.ChangePasswordTestCase"/>
  <testcase name="validateCredentials" time="0.0" classname="com.lojack.qa.testcases.DataDrivenLoginTestCase">
    <skipped/>
  </testcase> <!-- validateCredentials -->
  <testcase name="loginPageTitleTest" time="0.006" classname="com.lojack.qa.testcases.LoginTestCase"/>
  <testcase name="loginPagelogoTest" time="0.03" classname="com.lojack.qa.testcases.LoginTestCase"/>
  <testcase name="blankLoginTest" time="0.164" classname="com.lojack.qa.testcases.LoginTestCase"/>
  <testcase name="incorrectUserLoginTest" time="0.674" classname="com.lojack.qa.testcases.LoginTestCase"/>
  <testcase name="incorrectPasswordLoginTest" time="0.606" classname="com.lojack.qa.testcases.LoginTestCase">
    <failure type="junit.framework.ComparisonFailure" message="expected:&amp;lt;...Please check user...&amp;gt; but was:&amp;lt;... Invalid User ...&amp;gt;">
      <![CDATA[junit.framework.ComparisonFailure: expected:<...Please check user...> but was:<... Invalid User ...>
at junit.framework.Assert.assertEquals(Assert.java:81)
at junit.framework.Assert.assertEquals(Assert.java:87)
at com.lojack.qa.testcases.LoginTestCase.incorrectPasswordLoginTest(LoginTestCase.java:62)
... Removed 35 stack frames]]>
    </failure>
  </testcase> <!-- incorrectPasswordLoginTest -->
  <testcase name="blankUserLoginTest" time="0.241" classname="com.lojack.qa.testcases.LoginTestCase"/>
  <testcase name="blankPasswordLoginTest" time="0.257" classname="com.lojack.qa.testcases.LoginTestCase"/>
  <testcase name="correctcredentialsLoginTest" time="0.585" classname="com.lojack.qa.testcases.LoginTestCase">
    <failure type="junit.framework.ComparisonFailure" message="expected:&amp;lt;...&amp;gt; but was:&amp;lt;...User/Dashboard.aspx&amp;gt;">
      <![CDATA[junit.framework.ComparisonFailure: expected:<...> but was:<...User/Dashboard.aspx>
at junit.framework.Assert.assertEquals(Assert.java:81)
at junit.framework.Assert.assertEquals(Assert.java:87)
at com.lojack.qa.testcases.LoginTestCase.correctcredentialsLoginTest(LoginTestCase.java:83)
... Removed 35 stack frames]]>
    </failure>
  </testcase> <!-- correctcredentialsLoginTest -->
</testsuite> <!-- Command line test -->
